   1              		.cpu cortex-m0
   2              		.fpu softvfp
   3              		.eabi_attribute 20, 1
   4              		.eabi_attribute 21, 1
   5              		.eabi_attribute 23, 3
   6              		.eabi_attribute 24, 1
   7              		.eabi_attribute 25, 1
   8              		.eabi_attribute 26, 1
   9              		.eabi_attribute 30, 6
  10              		.eabi_attribute 34, 0
  11              		.eabi_attribute 18, 4
  12              		.code	16
  13              		.file	"TFC_Terminal.c"
  14              		.text
  15              	.Ltext0:
  16              		.cfi_sections	.debug_frame
  17              		.global	MyTerminalCallbackRecords
  18              		.section	.rodata
  19              		.align	2
  20              	.LC0:
  21 0000 68656C70 		.ascii	"help\000"
  21      00
  22 0005 000000   		.align	2
  23              	.LC1:
  24 0008 4C697374 		.ascii	"Lists available commands\000"
  24      73206176 
  24      61696C61 
  24      626C6520 
  24      636F6D6D 
  25 0021 000000   		.align	2
  26              	.LC2:
  27 0024 4C00     		.ascii	"L\000"
  28 0026 0000     		.align	2
  29              	.LC3:
  30 0028 44697370 		.ascii	"Displays linescan camera data\000"
  30      6C617973 
  30      206C696E 
  30      65736361 
  30      6E206361 
  31 0046 0000     		.align	2
  32              	.LC4:
  33 0048 5300     		.ascii	"S\000"
  34 004a 0000     		.align	2
  35              	.LC5:
  36 004c 436F6D6D 		.ascii	"Commands the servos to a position\000"
  36      616E6473 
  36      20746865 
  36      20736572 
  36      766F7320 
  37 006e 0000     		.align	2
  38              	.LC6:
  39 0070 4800     		.ascii	"H\000"
  40 0072 0000     		.align	2
  41              	.LC7:
  42 0074 436F6D6D 		.ascii	"Commands the H-Bridges\000"
  42      616E6473 
  42      20746865 
  42      20482D42 
  42      72696467 
  43 008b 00       		.align	2
  44              	.LC8:
  45 008c 4500     		.ascii	"E\000"
  46 008e 0000     		.align	2
  47              	.LC9:
  48 0090 456E6162 		.ascii	"Enables the H-Bridges\000"
  48      6C657320 
  48      74686520 
  48      482D4272 
  48      69646765 
  49 00a6 0000     		.align	2
  50              	.LC10:
  51 00a8 4400     		.ascii	"D\000"
  52 00aa 0000     		.align	2
  53              	.LC11:
  54 00ac 44697361 		.ascii	"Disables the H-Bridges\000"
  54      626C6573 
  54      20746865 
  54      20482D42 
  54      72696467 
  55              		.section	.data.MyTerminalCallbackRecords,"aw",%progbits
  56              		.align	2
  59              	MyTerminalCallbackRecords:
  60 0000 00000000 		.word	.LC0
  61 0004 00000000 		.word	TerminalCmd_Help
  62 0008 08000000 		.word	.LC1
  63 000c 24000000 		.word	.LC2
  64 0010 00000000 		.word	TerminalCmd_GetLineScan
  65 0014 28000000 		.word	.LC3
  66 0018 48000000 		.word	.LC4
  67 001c 00000000 		.word	TerminalCmd_S
  68 0020 4C000000 		.word	.LC5
  69 0024 70000000 		.word	.LC6
  70 0028 00000000 		.word	TerminalCmd_H
  71 002c 74000000 		.word	.LC7
  72 0030 8C000000 		.word	.LC8
  73 0034 00000000 		.word	TerminalCmd_E
  74 0038 90000000 		.word	.LC9
  75 003c A8000000 		.word	.LC10
  76 0040 00000000 		.word	TerminalCmd_D
  77 0044 AC000000 		.word	.LC11
  78              		.comm	TerminalLineBuf,64,4
  79              		.comm	TerminalPos,1,1
  80              		.comm	TerminalCmdBuf,33,4
  81              		.comm	TerminalArgs,32,4
  82              		.comm	NextCharIn,1,1
  83              		.comm	CmdFound,1,1
  84              		.section	.rodata
  85 00c3 00       		.align	2
  86              	.LC13:
  87 00c4 0D0A0D0A 		.ascii	"\015\012\015\012\000"
  87      00
  88 00c9 000000   		.align	2
  89              	.LC15:
  90 00cc 2A2A2A2A 		.ascii	"***********************************\015\012\000"
  90      2A2A2A2A 
  90      2A2A2A2A 
  90      2A2A2A2A 
  90      2A2A2A2A 
  91 00f2 0000     		.align	2
  92              	.LC17:
  93 00f4 4652444D 		.ascii	"FRDM-TFC\011\011           \015\012\000"
  93      2D544643 
  93      09092020 
  93      20202020 
  93      20202020 
  94              		.align	2
  95              	.LC19:
  96 010c 436F7079 		.ascii	"Copyright (C) <2013>  Eli Hughes\015\012\000"
  96      72696768 
  96      74202843 
  96      29203C32 
  96      3031333E 
  97 012f 00       		.align	2
  98              	.LC21:
  99 0130 57617665 		.ascii	"Wavenumber LLC\015\012\000"
  99      6E756D62 
  99      6572204C 
  99      4C430D0A 
  99      00
 100 0141 000000   		.align	2
 101              	.LC23:
 102 0144 2A2A2A2A 		.ascii	"***********************************\015\012\015\012"
 102      2A2A2A2A 
 102      2A2A2A2A 
 102      2A2A2A2A 
 102      2A2A2A2A 
 103 016b 3E00     		.ascii	">\000"
 104              		.section	.text.TerminalBootMsg,"ax",%progbits
 105              		.align	2
 106              		.global	TerminalBootMsg
 107              		.code	16
 108              		.thumb_func
 110              	TerminalBootMsg:
 111              	.LFB0:
 112              		.file 1 "../Sources/TFC/TFC_Terminal.c"
   1:../Sources/TFC/TFC_Terminal.c **** #include "TFC\TFC.h"
   2:../Sources/TFC/TFC_Terminal.c **** 
   3:../Sources/TFC/TFC_Terminal.c **** 
   4:../Sources/TFC/TFC_Terminal.c **** //*****************************************************************
   5:../Sources/TFC/TFC_Terminal.c **** //Terminal Configuration
   6:../Sources/TFC/TFC_Terminal.c **** //*****************************************************************
   7:../Sources/TFC/TFC_Terminal.c **** 
   8:../Sources/TFC/TFC_Terminal.c **** #define MAX_TERMINAL_LINE_CHARS 64
   9:../Sources/TFC/TFC_Terminal.c **** #define MAX_TERMINAL_CMD_CHARS  32
  10:../Sources/TFC/TFC_Terminal.c **** 
  11:../Sources/TFC/TFC_Terminal.c **** 
  12:../Sources/TFC/TFC_Terminal.c **** typedef void (*TerminalCallback)(char *);
  13:../Sources/TFC/TFC_Terminal.c **** 
  14:../Sources/TFC/TFC_Terminal.c **** 
  15:../Sources/TFC/TFC_Terminal.c **** typedef struct 
  16:../Sources/TFC/TFC_Terminal.c **** {
  17:../Sources/TFC/TFC_Terminal.c **** 	const char *CommandString;
  18:../Sources/TFC/TFC_Terminal.c **** 	TerminalCallback Callback;
  19:../Sources/TFC/TFC_Terminal.c **** 	const char *HelpString;
  20:../Sources/TFC/TFC_Terminal.c **** 		
  21:../Sources/TFC/TFC_Terminal.c **** } TerminalCallbackRecord;
  22:../Sources/TFC/TFC_Terminal.c **** 
  23:../Sources/TFC/TFC_Terminal.c **** //Callback function prototypes
  24:../Sources/TFC/TFC_Terminal.c **** void TerminalCmd_Help(char *arg);
  25:../Sources/TFC/TFC_Terminal.c **** void TerminalCmd_Reboot(char *arg);
  26:../Sources/TFC/TFC_Terminal.c **** void TerminalCmd_GetLineScan(char *arg);
  27:../Sources/TFC/TFC_Terminal.c **** void TerminalCmd_S(char *arg);
  28:../Sources/TFC/TFC_Terminal.c **** void TerminalCmd_H(char *arg);
  29:../Sources/TFC/TFC_Terminal.c **** void TerminalCmd_E(char *arg);
  30:../Sources/TFC/TFC_Terminal.c **** void TerminalCmd_D(char *arg);
  31:../Sources/TFC/TFC_Terminal.c **** //Populate this array with the callback functions and their terminal command string
  32:../Sources/TFC/TFC_Terminal.c **** TerminalCallbackRecord MyTerminalCallbackRecords[] ={	{"help",TerminalCmd_Help,"Lists available com
  33:../Sources/TFC/TFC_Terminal.c ****                                                         {"L",TerminalCmd_GetLineScan,"Displays line
  34:../Sources/TFC/TFC_Terminal.c ****                                                         {"S",TerminalCmd_S,"Commands the servos to 
  35:../Sources/TFC/TFC_Terminal.c ****                                                         {"H", TerminalCmd_H,"Commands the H-Bridges
  36:../Sources/TFC/TFC_Terminal.c **** 														{"E",TerminalCmd_E, "Enables the H-Bridges"},
  37:../Sources/TFC/TFC_Terminal.c **** 														{"D",TerminalCmd_D, "Disables the H-Bridges"},
  38:../Sources/TFC/TFC_Terminal.c ****                                                         };
  39:../Sources/TFC/TFC_Terminal.c **** 
  40:../Sources/TFC/TFC_Terminal.c **** //*****************************************************************
  41:../Sources/TFC/TFC_Terminal.c **** //Plumbing.....
  42:../Sources/TFC/TFC_Terminal.c **** //*****************************************************************
  43:../Sources/TFC/TFC_Terminal.c **** 
  44:../Sources/TFC/TFC_Terminal.c **** #define NUM_TERMINAL_COMMANDS  (sizeof(MyTerminalCallbackRecords)/sizeof(TerminalCallbackRecord))
  45:../Sources/TFC/TFC_Terminal.c **** 
  46:../Sources/TFC/TFC_Terminal.c **** char TerminalLineBuf[MAX_TERMINAL_LINE_CHARS];
  47:../Sources/TFC/TFC_Terminal.c **** uint8_t TerminalPos;
  48:../Sources/TFC/TFC_Terminal.c **** char TerminalCmdBuf[MAX_TERMINAL_CMD_CHARS+1];
  49:../Sources/TFC/TFC_Terminal.c **** char TerminalArgs[MAX_TERMINAL_LINE_CHARS-MAX_TERMINAL_CMD_CHARS];
  50:../Sources/TFC/TFC_Terminal.c **** uint8_t NextCharIn;
  51:../Sources/TFC/TFC_Terminal.c **** uint8_t CmdFound;
  52:../Sources/TFC/TFC_Terminal.c ****  
  53:../Sources/TFC/TFC_Terminal.c **** void TerminalBootMsg()
  54:../Sources/TFC/TFC_Terminal.c **** {
 113              		.loc 1 54 0
 114              		.cfi_startproc
 115 0000 80B5     		push	{r7, lr}
 116              	.LCFI0:
 117              		.cfi_def_cfa_offset 8
 118              		.cfi_offset 7, -8
 119              		.cfi_offset 14, -4
 120 0002 00AF     		add	r7, sp, #0
 121              	.LCFI1:
 122              		.cfi_def_cfa_register 7
  55:../Sources/TFC/TFC_Terminal.c **** 
  56:../Sources/TFC/TFC_Terminal.c **** TERMINAL_PRINTF("\r\n\r\n"); 
 123              		.loc 1 56 0
 124 0004 124A     		ldr	r2, .L2
 125 0006 134B     		ldr	r3, .L2+4
 126 0008 101C     		mov	r0, r2
 127 000a 191C     		mov	r1, r3
 128 000c FFF7FEFF 		bl	Qprintf
  57:../Sources/TFC/TFC_Terminal.c **** TERMINAL_PRINTF("***********************************\r\n"); 
 129              		.loc 1 57 0
 130 0010 0F4A     		ldr	r2, .L2
 131 0012 114B     		ldr	r3, .L2+8
 132 0014 101C     		mov	r0, r2
 133 0016 191C     		mov	r1, r3
 134 0018 FFF7FEFF 		bl	Qprintf
  58:../Sources/TFC/TFC_Terminal.c **** TERMINAL_PRINTF("FRDM-TFC		           \r\n");
 135              		.loc 1 58 0
 136 001c 0C4A     		ldr	r2, .L2
 137 001e 0F4B     		ldr	r3, .L2+12
 138 0020 101C     		mov	r0, r2
 139 0022 191C     		mov	r1, r3
 140 0024 FFF7FEFF 		bl	Qprintf
  59:../Sources/TFC/TFC_Terminal.c **** TERMINAL_PRINTF("Copyright (C) <2013>  Eli Hughes\r\n");
 141              		.loc 1 59 0
 142 0028 094A     		ldr	r2, .L2
 143 002a 0D4B     		ldr	r3, .L2+16
 144 002c 101C     		mov	r0, r2
 145 002e 191C     		mov	r1, r3
 146 0030 FFF7FEFF 		bl	Qprintf
  60:../Sources/TFC/TFC_Terminal.c **** TERMINAL_PRINTF("Wavenumber LLC\r\n"); 
 147              		.loc 1 60 0
 148 0034 064A     		ldr	r2, .L2
 149 0036 0B4B     		ldr	r3, .L2+20
 150 0038 101C     		mov	r0, r2
 151 003a 191C     		mov	r1, r3
 152 003c FFF7FEFF 		bl	Qprintf
  61:../Sources/TFC/TFC_Terminal.c **** TERMINAL_PRINTF("***********************************\r\n\r\n>"); 
 153              		.loc 1 61 0
 154 0040 034A     		ldr	r2, .L2
 155 0042 094B     		ldr	r3, .L2+24
 156 0044 101C     		mov	r0, r2
 157 0046 191C     		mov	r1, r3
 158 0048 FFF7FEFF 		bl	Qprintf
  62:../Sources/TFC/TFC_Terminal.c **** 
  63:../Sources/TFC/TFC_Terminal.c **** }
 159              		.loc 1 63 0
 160 004c BD46     		mov	sp, r7
 161              		@ sp needed for prologue
 162 004e 80BD     		pop	{r7, pc}
 163              	.L3:
 164              		.align	2
 165              	.L2:
 166 0050 00000000 		.word	SDA_SERIAL_OUTGOING_QUEUE
 167 0054 C4000000 		.word	.LC13
 168 0058 CC000000 		.word	.LC15
 169 005c F4000000 		.word	.LC17
 170 0060 0C010000 		.word	.LC19
 171 0064 30010000 		.word	.LC21
 172 0068 44010000 		.word	.LC23
 173              		.cfi_endproc
 174              	.LFE0:
 176              		.section	.text.TFC_InitTerminal,"ax",%progbits
 177              		.align	2
 178              		.global	TFC_InitTerminal
 179              		.code	16
 180              		.thumb_func
 182              	TFC_InitTerminal:
 183              	.LFB1:
  64:../Sources/TFC/TFC_Terminal.c **** 
  65:../Sources/TFC/TFC_Terminal.c **** void TFC_InitTerminal()
  66:../Sources/TFC/TFC_Terminal.c **** {
 184              		.loc 1 66 0
 185              		.cfi_startproc
 186 0000 80B5     		push	{r7, lr}
 187              	.LCFI2:
 188              		.cfi_def_cfa_offset 8
 189              		.cfi_offset 7, -8
 190              		.cfi_offset 14, -4
 191 0002 00AF     		add	r7, sp, #0
 192              	.LCFI3:
 193              		.cfi_def_cfa_register 7
  67:../Sources/TFC/TFC_Terminal.c **** 	TerminalPos = 0;
 194              		.loc 1 67 0
 195 0004 044B     		ldr	r3, .L5
 196 0006 0022     		mov	r2, #0
 197 0008 1A70     		strb	r2, [r3]
  68:../Sources/TFC/TFC_Terminal.c **** 	CmdFound = 0;
 198              		.loc 1 68 0
 199 000a 044B     		ldr	r3, .L5+4
 200 000c 0022     		mov	r2, #0
 201 000e 1A70     		strb	r2, [r3]
  69:../Sources/TFC/TFC_Terminal.c ****     TerminalBootMsg();
 202              		.loc 1 69 0
 203 0010 FFF7FEFF 		bl	TerminalBootMsg
  70:../Sources/TFC/TFC_Terminal.c **** }
 204              		.loc 1 70 0
 205 0014 BD46     		mov	sp, r7
 206              		@ sp needed for prologue
 207 0016 80BD     		pop	{r7, pc}
 208              	.L6:
 209              		.align	2
 210              	.L5:
 211 0018 00000000 		.word	TerminalPos
 212 001c 00000000 		.word	CmdFound
 213              		.cfi_endproc
 214              	.LFE1:
 216              		.section	.rodata
 217 016d 000000   		.align	2
 218              	.LC28:
 219 0170 0D0A0D0A 		.ascii	"\015\012\015\012Command List:\015\012\000"
 219      436F6D6D 
 219      616E6420 
 219      4C697374 
 219      3A0D0A00 
 220              		.align	2
 221              	.LC30:
 222 0184 2D2D2D2D 		.ascii	"----------------------\015\012\000"
 222      2D2D2D2D 
 222      2D2D2D2D 
 222      2D2D2D2D 
 222      2D2D2D2D 
 223 019d 000000   		.align	2
 224              	.LC33:
 225 01a0 25732020 		.ascii	"%s  ---->  %s\015\012\000"
 225      2D2D2D2D 
 225      3E202025 
 225      730D0A00 
 226              		.section	.text.TerminalCmd_Help,"ax",%progbits
 227              		.align	2
 228              		.global	TerminalCmd_Help
 229              		.code	16
 230              		.thumb_func
 232              	TerminalCmd_Help:
 233              	.LFB2:
  71:../Sources/TFC/TFC_Terminal.c **** 
  72:../Sources/TFC/TFC_Terminal.c **** void TerminalCmd_Help(char *arg)
  73:../Sources/TFC/TFC_Terminal.c **** {
 234              		.loc 1 73 0
 235              		.cfi_startproc
 236 0000 90B5     		push	{r4, r7, lr}
 237              	.LCFI4:
 238              		.cfi_def_cfa_offset 12
 239              		.cfi_offset 4, -12
 240              		.cfi_offset 7, -8
 241              		.cfi_offset 14, -4
 242 0002 85B0     		sub	sp, sp, #20
 243              	.LCFI5:
 244              		.cfi_def_cfa_offset 32
 245 0004 00AF     		add	r7, sp, #0
 246              	.LCFI6:
 247              		.cfi_def_cfa_register 7
 248 0006 7860     		str	r0, [r7, #4]
  74:../Sources/TFC/TFC_Terminal.c ****     uint8_t i;
  75:../Sources/TFC/TFC_Terminal.c **** 
  76:../Sources/TFC/TFC_Terminal.c ****     TERMINAL_PRINTF("\r\n\r\nCommand List:\r\n");
 249              		.loc 1 76 0
 250 0008 204A     		ldr	r2, .L10
 251 000a 214B     		ldr	r3, .L10+4
 252 000c 101C     		mov	r0, r2
 253 000e 191C     		mov	r1, r3
 254 0010 FFF7FEFF 		bl	Qprintf
  77:../Sources/TFC/TFC_Terminal.c ****     TERMINAL_PRINTF("----------------------\r\n");
 255              		.loc 1 77 0
 256 0014 1D4A     		ldr	r2, .L10
 257 0016 1F4B     		ldr	r3, .L10+8
 258 0018 101C     		mov	r0, r2
 259 001a 191C     		mov	r1, r3
 260 001c FFF7FEFF 		bl	Qprintf
  78:../Sources/TFC/TFC_Terminal.c **** 
  79:../Sources/TFC/TFC_Terminal.c ****     for(i=0;i<NUM_TERMINAL_COMMANDS;i++)
 261              		.loc 1 79 0
 262 0020 3B1C     		mov	r3, r7
 263 0022 0F33     		add	r3, r3, #15
 264 0024 0022     		mov	r2, #0
 265 0026 1A70     		strb	r2, [r3]
 266 0028 21E0     		b	.L8
 267              	.L9:
  80:../Sources/TFC/TFC_Terminal.c ****     {
  81:../Sources/TFC/TFC_Terminal.c ****          TERMINAL_PRINTF("%s  ---->  %s\r\n",MyTerminalCallbackRecords[i].CommandString,MyTerminalC
 268              		.loc 1 81 0
 269 002a 3B1C     		mov	r3, r7
 270 002c 0F33     		add	r3, r3, #15
 271 002e 1A78     		ldrb	r2, [r3]
 272 0030 1949     		ldr	r1, .L10+12
 273 0032 131C     		mov	r3, r2
 274 0034 5B00     		lsl	r3, r3, #1
 275 0036 9B18     		add	r3, r3, r2
 276 0038 9B00     		lsl	r3, r3, #2
 277 003a 5C58     		ldr	r4, [r3, r1]
 278 003c 3B1C     		mov	r3, r7
 279 003e 0F33     		add	r3, r3, #15
 280 0040 1A78     		ldrb	r2, [r3]
 281 0042 1549     		ldr	r1, .L10+12
 282 0044 131C     		mov	r3, r2
 283 0046 5B00     		lsl	r3, r3, #1
 284 0048 9B18     		add	r3, r3, r2
 285 004a 9B00     		lsl	r3, r3, #2
 286 004c CB18     		add	r3, r1, r3
 287 004e 0833     		add	r3, r3, #8
 288 0050 1B68     		ldr	r3, [r3]
 289 0052 0E49     		ldr	r1, .L10
 290 0054 114A     		ldr	r2, .L10+16
 291 0056 081C     		mov	r0, r1
 292 0058 111C     		mov	r1, r2
 293 005a 221C     		mov	r2, r4
 294 005c FFF7FEFF 		bl	Qprintf
  79:../Sources/TFC/TFC_Terminal.c ****     for(i=0;i<NUM_TERMINAL_COMMANDS;i++)
 295              		.loc 1 79 0
 296 0060 3B1C     		mov	r3, r7
 297 0062 0F33     		add	r3, r3, #15
 298 0064 3A1C     		mov	r2, r7
 299 0066 0F32     		add	r2, r2, #15
 300 0068 1278     		ldrb	r2, [r2]
 301 006a 0132     		add	r2, r2, #1
 302 006c 1A70     		strb	r2, [r3]
 303              	.L8:
  79:../Sources/TFC/TFC_Terminal.c ****     for(i=0;i<NUM_TERMINAL_COMMANDS;i++)
 304              		.loc 1 79 0 is_stmt 0
 305 006e 3B1C     		mov	r3, r7
 306 0070 0F33     		add	r3, r3, #15
 307 0072 1B78     		ldrb	r3, [r3]
 308 0074 052B     		cmp	r3, #5
 309 0076 D8D9     		bls	.L9
  82:../Sources/TFC/TFC_Terminal.c ****     }
  83:../Sources/TFC/TFC_Terminal.c **** 
  84:../Sources/TFC/TFC_Terminal.c ****     TERMINAL_PRINTF("\r\n\r\n");
 310              		.loc 1 84 0 is_stmt 1
 311 0078 044A     		ldr	r2, .L10
 312 007a 094B     		ldr	r3, .L10+20
 313 007c 101C     		mov	r0, r2
 314 007e 191C     		mov	r1, r3
 315 0080 FFF7FEFF 		bl	Qprintf
  85:../Sources/TFC/TFC_Terminal.c **** }
 316              		.loc 1 85 0
 317 0084 BD46     		mov	sp, r7
 318 0086 05B0     		add	sp, sp, #20
 319              		@ sp needed for prologue
 320 0088 90BD     		pop	{r4, r7, pc}
 321              	.L11:
 322 008a C046     		.align	2
 323              	.L10:
 324 008c 00000000 		.word	SDA_SERIAL_OUTGOING_QUEUE
 325 0090 70010000 		.word	.LC28
 326 0094 84010000 		.word	.LC30
 327 0098 00000000 		.word	MyTerminalCallbackRecords
 328 009c A0010000 		.word	.LC33
 329 00a0 C4000000 		.word	.LC13
 330              		.cfi_endproc
 331              	.LFE2:
 333              		.section	.text.TerminalCmd_Reboot,"ax",%progbits
 334              		.align	2
 335              		.global	TerminalCmd_Reboot
 336              		.code	16
 337              		.thumb_func
 339              	TerminalCmd_Reboot:
 340              	.LFB3:
  86:../Sources/TFC/TFC_Terminal.c **** 
  87:../Sources/TFC/TFC_Terminal.c **** void TerminalCmd_Reboot(char *arg)
  88:../Sources/TFC/TFC_Terminal.c **** {
 341              		.loc 1 88 0
 342              		.cfi_startproc
 343 0000 80B5     		push	{r7, lr}
 344              	.LCFI7:
 345              		.cfi_def_cfa_offset 8
 346              		.cfi_offset 7, -8
 347              		.cfi_offset 14, -4
 348 0002 82B0     		sub	sp, sp, #8
 349              	.LCFI8:
 350              		.cfi_def_cfa_offset 16
 351 0004 00AF     		add	r7, sp, #0
 352              	.LCFI9:
 353              		.cfi_def_cfa_register 7
 354 0006 7860     		str	r0, [r7, #4]
  89:../Sources/TFC/TFC_Terminal.c ****       TerminalBootMsg();
 355              		.loc 1 89 0
 356 0008 FFF7FEFF 		bl	TerminalBootMsg
  90:../Sources/TFC/TFC_Terminal.c **** }
 357              		.loc 1 90 0
 358 000c BD46     		mov	sp, r7
 359 000e 02B0     		add	sp, sp, #8
 360              		@ sp needed for prologue
 361 0010 80BD     		pop	{r7, pc}
 362              		.cfi_endproc
 363              	.LFE3:
 365 0012 C046     		.section	.rodata
 366              		.align	2
 367              	.LC37:
 368 01b0 090D0A45 		.ascii	"\011\015\012Enabling H-Bridges\015\012\000"
 368      6E61626C 
 368      696E6720 
 368      482D4272 
 368      69646765 
 369              		.section	.text.TerminalCmd_E,"ax",%progbits
 370              		.align	2
 371              		.global	TerminalCmd_E
 372              		.code	16
 373              		.thumb_func
 375              	TerminalCmd_E:
 376              	.LFB4:
  91:../Sources/TFC/TFC_Terminal.c **** 
  92:../Sources/TFC/TFC_Terminal.c **** 
  93:../Sources/TFC/TFC_Terminal.c **** 
  94:../Sources/TFC/TFC_Terminal.c **** void TerminalCmd_E(char *arg)
  95:../Sources/TFC/TFC_Terminal.c **** {
 377              		.loc 1 95 0
 378              		.cfi_startproc
 379 0000 80B5     		push	{r7, lr}
 380              	.LCFI10:
 381              		.cfi_def_cfa_offset 8
 382              		.cfi_offset 7, -8
 383              		.cfi_offset 14, -4
 384 0002 82B0     		sub	sp, sp, #8
 385              	.LCFI11:
 386              		.cfi_def_cfa_offset 16
 387 0004 00AF     		add	r7, sp, #0
 388              	.LCFI12:
 389              		.cfi_def_cfa_register 7
 390 0006 7860     		str	r0, [r7, #4]
  96:../Sources/TFC/TFC_Terminal.c **** 	 TERMINAL_PRINTF("\t\r\nEnabling H-Bridges\r\n");
 391              		.loc 1 96 0
 392 0008 064A     		ldr	r2, .L14
 393 000a 074B     		ldr	r3, .L14+4
 394 000c 101C     		mov	r0, r2
 395 000e 191C     		mov	r1, r3
 396 0010 FFF7FEFF 		bl	Qprintf
  97:../Sources/TFC/TFC_Terminal.c **** 	 TFC_HBRIDGE_ENABLE;
 397              		.loc 1 97 0
 398 0014 054B     		ldr	r3, .L14+8
 399 0016 8022     		mov	r2, #128
 400 0018 9203     		lsl	r2, r2, #14
 401 001a 5A60     		str	r2, [r3, #4]
  98:../Sources/TFC/TFC_Terminal.c **** }
 402              		.loc 1 98 0
 403 001c BD46     		mov	sp, r7
 404 001e 02B0     		add	sp, sp, #8
 405              		@ sp needed for prologue
 406 0020 80BD     		pop	{r7, pc}
 407              	.L15:
 408 0022 C046     		.align	2
 409              	.L14:
 410 0024 00000000 		.word	SDA_SERIAL_OUTGOING_QUEUE
 411 0028 B0010000 		.word	.LC37
 412 002c 00F10F40 		.word	1074786560
 413              		.cfi_endproc
 414              	.LFE4:
 416              		.section	.rodata
 417              		.align	2
 418              	.LC40:
 419 01c8 090D0A44 		.ascii	"\011\015\012Disabling H-Bridges\015\012\000"
 419      69736162 
 419      6C696E67 
 419      20482D42 
 419      72696467 
 420              		.section	.text.TerminalCmd_D,"ax",%progbits
 421              		.align	2
 422              		.global	TerminalCmd_D
 423              		.code	16
 424              		.thumb_func
 426              	TerminalCmd_D:
 427              	.LFB5:
  99:../Sources/TFC/TFC_Terminal.c **** 
 100:../Sources/TFC/TFC_Terminal.c **** void TerminalCmd_D(char *arg)
 101:../Sources/TFC/TFC_Terminal.c **** {
 428              		.loc 1 101 0
 429              		.cfi_startproc
 430 0000 80B5     		push	{r7, lr}
 431              	.LCFI13:
 432              		.cfi_def_cfa_offset 8
 433              		.cfi_offset 7, -8
 434              		.cfi_offset 14, -4
 435 0002 82B0     		sub	sp, sp, #8
 436              	.LCFI14:
 437              		.cfi_def_cfa_offset 16
 438 0004 00AF     		add	r7, sp, #0
 439              	.LCFI15:
 440              		.cfi_def_cfa_register 7
 441 0006 7860     		str	r0, [r7, #4]
 102:../Sources/TFC/TFC_Terminal.c **** 	 TERMINAL_PRINTF("\t\r\nDisabling H-Bridges\r\n");
 442              		.loc 1 102 0
 443 0008 084A     		ldr	r2, .L17
 444 000a 094B     		ldr	r3, .L17+4
 445 000c 101C     		mov	r0, r2
 446 000e 191C     		mov	r1, r3
 447 0010 FFF7FEFF 		bl	Qprintf
 103:../Sources/TFC/TFC_Terminal.c **** 	 TFC_HBRIDGE_DISABLE;
 448              		.loc 1 103 0
 449 0014 074B     		ldr	r3, .L17+8
 450 0016 8022     		mov	r2, #128
 451 0018 9203     		lsl	r2, r2, #14
 452 001a 9A60     		str	r2, [r3, #8]
 104:../Sources/TFC/TFC_Terminal.c **** 	 TFC_SetMotorPWM(0,0);
 453              		.loc 1 104 0
 454 001c 0020     		mov	r0, #0
 455 001e 0021     		mov	r1, #0
 456 0020 FFF7FEFF 		bl	TFC_SetMotorPWM
 105:../Sources/TFC/TFC_Terminal.c **** }
 457              		.loc 1 105 0
 458 0024 BD46     		mov	sp, r7
 459 0026 02B0     		add	sp, sp, #8
 460              		@ sp needed for prologue
 461 0028 80BD     		pop	{r7, pc}
 462              	.L18:
 463 002a C046     		.align	2
 464              	.L17:
 465 002c 00000000 		.word	SDA_SERIAL_OUTGOING_QUEUE
 466 0030 C8010000 		.word	.LC40
 467 0034 00F10F40 		.word	1074786560
 468              		.cfi_endproc
 469              	.LFE5:
 471              		.section	.rodata
 472 01e1 000000   		.align	2
 473              	.LC43:
 474 01e4 0D0A4C49 		.ascii	"\015\012LINE 0:\000"
 474      4E452030 
 474      3A00
 475 01ee 0000     		.align	2
 476              	.LC46:
 477 01f0 25325800 		.ascii	"%2X\000"
 478              		.align	2
 479              	.LC48:
 480 01f4 2C00     		.ascii	",\000"
 481 01f6 0000     		.align	2
 482              	.LC51:
 483 01f8 0D0A4C49 		.ascii	"\015\012LINE 1:\000"
 483      4E452031 
 483      3A00
 484              		.section	.text.TerminalCmd_GetLineScan,"ax",%progbits
 485              		.align	2
 486              		.global	TerminalCmd_GetLineScan
 487              		.code	16
 488              		.thumb_func
 490              	TerminalCmd_GetLineScan:
 491              	.LFB6:
 106:../Sources/TFC/TFC_Terminal.c **** 
 107:../Sources/TFC/TFC_Terminal.c **** void TerminalCmd_GetLineScan(char *arg)
 108:../Sources/TFC/TFC_Terminal.c **** {
 492              		.loc 1 108 0
 493              		.cfi_startproc
 494 0000 80B5     		push	{r7, lr}
 495              	.LCFI16:
 496              		.cfi_def_cfa_offset 8
 497              		.cfi_offset 7, -8
 498              		.cfi_offset 14, -4
 499 0002 84B0     		sub	sp, sp, #16
 500              	.LCFI17:
 501              		.cfi_def_cfa_offset 24
 502 0004 00AF     		add	r7, sp, #0
 503              	.LCFI18:
 504              		.cfi_def_cfa_register 7
 505 0006 7860     		str	r0, [r7, #4]
 109:../Sources/TFC/TFC_Terminal.c **** 	uint8_t i;
 110:../Sources/TFC/TFC_Terminal.c **** 	
 111:../Sources/TFC/TFC_Terminal.c **** 	TERMINAL_PRINTF("\r\nLINE 0:");
 506              		.loc 1 111 0
 507 0008 3B4A     		ldr	r2, .L28
 508 000a 3C4B     		ldr	r3, .L28+4
 509 000c 101C     		mov	r0, r2
 510 000e 191C     		mov	r1, r3
 511 0010 FFF7FEFF 		bl	Qprintf
 112:../Sources/TFC/TFC_Terminal.c **** 	
 113:../Sources/TFC/TFC_Terminal.c **** 	for(i=0;i<128;i++)
 512              		.loc 1 113 0
 513 0014 3B1C     		mov	r3, r7
 514 0016 0F33     		add	r3, r3, #15
 515 0018 0022     		mov	r2, #0
 516 001a 1A70     		strb	r2, [r3]
 517 001c 28E0     		b	.L20
 518              	.L23:
 114:../Sources/TFC/TFC_Terminal.c **** 	{
 115:../Sources/TFC/TFC_Terminal.c **** 		
 116:../Sources/TFC/TFC_Terminal.c **** 		TERMINAL_PRINTF("%2X",LineScanImage0[i]);
 519              		.loc 1 116 0
 520 001e 384B     		ldr	r3, .L28+8
 521 0020 1A68     		ldr	r2, [r3]
 522 0022 3B1C     		mov	r3, r7
 523 0024 0F33     		add	r3, r3, #15
 524 0026 1B78     		ldrb	r3, [r3]
 525 0028 5B00     		lsl	r3, r3, #1
 526 002a D318     		add	r3, r2, r3
 527 002c 1B88     		ldrh	r3, [r3]
 528 002e 9BB2     		uxth	r3, r3
 529 0030 3149     		ldr	r1, .L28
 530 0032 344A     		ldr	r2, .L28+12
 531 0034 081C     		mov	r0, r1
 532 0036 111C     		mov	r1, r2
 533 0038 1A1C     		mov	r2, r3
 534 003a FFF7FEFF 		bl	Qprintf
 117:../Sources/TFC/TFC_Terminal.c **** 		
 118:../Sources/TFC/TFC_Terminal.c **** 		if(i<127)
 535              		.loc 1 118 0
 536 003e 3B1C     		mov	r3, r7
 537 0040 0F33     		add	r3, r3, #15
 538 0042 1B78     		ldrb	r3, [r3]
 539 0044 7E2B     		cmp	r3, #126
 540 0046 06D8     		bhi	.L21
 119:../Sources/TFC/TFC_Terminal.c **** 			TERMINAL_PRINTF(",");
 541              		.loc 1 119 0
 542 0048 2B4A     		ldr	r2, .L28
 543 004a 2F4B     		ldr	r3, .L28+16
 544 004c 101C     		mov	r0, r2
 545 004e 191C     		mov	r1, r3
 546 0050 FFF7FEFF 		bl	Qprintf
 547 0054 05E0     		b	.L22
 548              	.L21:
 120:../Sources/TFC/TFC_Terminal.c **** 		else
 121:../Sources/TFC/TFC_Terminal.c **** 			TERMINAL_PRINTF("\r\n\r\n");
 549              		.loc 1 121 0
 550 0056 284A     		ldr	r2, .L28
 551 0058 2C4B     		ldr	r3, .L28+20
 552 005a 101C     		mov	r0, r2
 553 005c 191C     		mov	r1, r3
 554 005e FFF7FEFF 		bl	Qprintf
 555              	.L22:
 113:../Sources/TFC/TFC_Terminal.c **** 	for(i=0;i<128;i++)
 556              		.loc 1 113 0
 557 0062 3B1C     		mov	r3, r7
 558 0064 0F33     		add	r3, r3, #15
 559 0066 3A1C     		mov	r2, r7
 560 0068 0F32     		add	r2, r2, #15
 561 006a 1278     		ldrb	r2, [r2]
 562 006c 0132     		add	r2, r2, #1
 563 006e 1A70     		strb	r2, [r3]
 564              	.L20:
 113:../Sources/TFC/TFC_Terminal.c **** 	for(i=0;i<128;i++)
 565              		.loc 1 113 0 is_stmt 0
 566 0070 3B1C     		mov	r3, r7
 567 0072 0F33     		add	r3, r3, #15
 568 0074 1B78     		ldrb	r3, [r3]
 569 0076 5BB2     		sxtb	r3, r3
 570 0078 002B     		cmp	r3, #0
 571 007a D0DA     		bge	.L23
 122:../Sources/TFC/TFC_Terminal.c **** 	}
 123:../Sources/TFC/TFC_Terminal.c **** 	TERMINAL_PRINTF("\r\nLINE 1:");
 572              		.loc 1 123 0 is_stmt 1
 573 007c 1E4A     		ldr	r2, .L28
 574 007e 244B     		ldr	r3, .L28+24
 575 0080 101C     		mov	r0, r2
 576 0082 191C     		mov	r1, r3
 577 0084 FFF7FEFF 		bl	Qprintf
 124:../Sources/TFC/TFC_Terminal.c **** 	for(i=0;i<128;i++)
 578              		.loc 1 124 0
 579 0088 3B1C     		mov	r3, r7
 580 008a 0F33     		add	r3, r3, #15
 581 008c 0022     		mov	r2, #0
 582 008e 1A70     		strb	r2, [r3]
 583 0090 28E0     		b	.L24
 584              	.L27:
 125:../Sources/TFC/TFC_Terminal.c **** 	{
 126:../Sources/TFC/TFC_Terminal.c **** 		TERMINAL_PRINTF("%2X",LineScanImage1[i]);
 585              		.loc 1 126 0
 586 0092 204B     		ldr	r3, .L28+28
 587 0094 1A68     		ldr	r2, [r3]
 588 0096 3B1C     		mov	r3, r7
 589 0098 0F33     		add	r3, r3, #15
 590 009a 1B78     		ldrb	r3, [r3]
 591 009c 5B00     		lsl	r3, r3, #1
 592 009e D318     		add	r3, r2, r3
 593 00a0 1B88     		ldrh	r3, [r3]
 594 00a2 9BB2     		uxth	r3, r3
 595 00a4 1449     		ldr	r1, .L28
 596 00a6 174A     		ldr	r2, .L28+12
 597 00a8 081C     		mov	r0, r1
 598 00aa 111C     		mov	r1, r2
 599 00ac 1A1C     		mov	r2, r3
 600 00ae FFF7FEFF 		bl	Qprintf
 127:../Sources/TFC/TFC_Terminal.c **** 		if(i<127)
 601              		.loc 1 127 0
 602 00b2 3B1C     		mov	r3, r7
 603 00b4 0F33     		add	r3, r3, #15
 604 00b6 1B78     		ldrb	r3, [r3]
 605 00b8 7E2B     		cmp	r3, #126
 606 00ba 06D8     		bhi	.L25
 128:../Sources/TFC/TFC_Terminal.c **** 					TERMINAL_PRINTF(",");
 607              		.loc 1 128 0
 608 00bc 0E4A     		ldr	r2, .L28
 609 00be 124B     		ldr	r3, .L28+16
 610 00c0 101C     		mov	r0, r2
 611 00c2 191C     		mov	r1, r3
 612 00c4 FFF7FEFF 		bl	Qprintf
 613 00c8 05E0     		b	.L26
 614              	.L25:
 129:../Sources/TFC/TFC_Terminal.c **** 				else
 130:../Sources/TFC/TFC_Terminal.c **** 					TERMINAL_PRINTF("\r\n\r\n");
 615              		.loc 1 130 0
 616 00ca 0B4A     		ldr	r2, .L28
 617 00cc 0F4B     		ldr	r3, .L28+20
 618 00ce 101C     		mov	r0, r2
 619 00d0 191C     		mov	r1, r3
 620 00d2 FFF7FEFF 		bl	Qprintf
 621              	.L26:
 124:../Sources/TFC/TFC_Terminal.c **** 	for(i=0;i<128;i++)
 622              		.loc 1 124 0
 623 00d6 3B1C     		mov	r3, r7
 624 00d8 0F33     		add	r3, r3, #15
 625 00da 3A1C     		mov	r2, r7
 626 00dc 0F32     		add	r2, r2, #15
 627 00de 1278     		ldrb	r2, [r2]
 628 00e0 0132     		add	r2, r2, #1
 629 00e2 1A70     		strb	r2, [r3]
 630              	.L24:
 124:../Sources/TFC/TFC_Terminal.c **** 	for(i=0;i<128;i++)
 631              		.loc 1 124 0 is_stmt 0
 632 00e4 3B1C     		mov	r3, r7
 633 00e6 0F33     		add	r3, r3, #15
 634 00e8 1B78     		ldrb	r3, [r3]
 635 00ea 5BB2     		sxtb	r3, r3
 636 00ec 002B     		cmp	r3, #0
 637 00ee D0DA     		bge	.L27
 131:../Sources/TFC/TFC_Terminal.c **** 	}
 132:../Sources/TFC/TFC_Terminal.c **** 
 133:../Sources/TFC/TFC_Terminal.c **** }
 638              		.loc 1 133 0 is_stmt 1
 639 00f0 BD46     		mov	sp, r7
 640 00f2 04B0     		add	sp, sp, #16
 641              		@ sp needed for prologue
 642 00f4 80BD     		pop	{r7, pc}
 643              	.L29:
 644 00f6 C046     		.align	2
 645              	.L28:
 646 00f8 00000000 		.word	SDA_SERIAL_OUTGOING_QUEUE
 647 00fc E4010000 		.word	.LC43
 648 0100 00000000 		.word	LineScanImage0
 649 0104 F0010000 		.word	.LC46
 650 0108 F4010000 		.word	.LC48
 651 010c C4000000 		.word	.LC13
 652 0110 F8010000 		.word	.LC51
 653 0114 00000000 		.word	LineScanImage1
 654              		.cfi_endproc
 655              	.LFE6:
 657              		.section	.rodata
 658 0202 0000     		.align	2
 659              	.LC54:
 660 0204 25642C25 		.ascii	"%d,%d\000"
 660      6400
 661 020a 0000     		.align	2
 662              	.LC57:
 663 020c 53657474 		.ascii	"Setting Servos to %d , %d\015\012\000"
 663      696E6720 
 663      53657276 
 663      6F732074 
 663      6F202564 
 664              		.global	__aeabi_i2f
 665              		.global	__aeabi_fdiv
 666              		.global	__aeabi_f2iz
 667              		.align	2
 668              	.LC59:
 669 0228 496E7661 		.ascii	"Invalid servo control string. There must be 2 comma"
 669      6C696420 
 669      73657276 
 669      6F20636F 
 669      6E74726F 
 670 025b 6E642073 		.ascii	"nd separated arguments between -100 and 100. Ex: S "
 670      65706172 
 670      61746564 
 670      20617267 
 670      756D656E 
 671 028e 34332C2D 		.ascii	"43,-43\000"
 671      343300
 672              		.section	.text.TerminalCmd_S,"ax",%progbits
 673              		.align	2
 674              		.global	TerminalCmd_S
 675              		.code	16
 676              		.thumb_func
 678              	TerminalCmd_S:
 679              	.LFB7:
 134:../Sources/TFC/TFC_Terminal.c **** 
 135:../Sources/TFC/TFC_Terminal.c **** 
 136:../Sources/TFC/TFC_Terminal.c **** void TerminalCmd_S(char *arg)
 137:../Sources/TFC/TFC_Terminal.c **** {
 680              		.loc 1 137 0
 681              		.cfi_startproc
 682 0000 80B5     		push	{r7, lr}
 683              	.LCFI19:
 684              		.cfi_def_cfa_offset 8
 685              		.cfi_offset 7, -8
 686              		.cfi_offset 14, -4
 687 0002 84B0     		sub	sp, sp, #16
 688              	.LCFI20:
 689              		.cfi_def_cfa_offset 24
 690 0004 00AF     		add	r7, sp, #0
 691              	.LCFI21:
 692              		.cfi_def_cfa_register 7
 693 0006 7860     		str	r0, [r7, #4]
 138:../Sources/TFC/TFC_Terminal.c **** 	int ServoSetting[2] = {0,0};
 694              		.loc 1 138 0
 695 0008 3B1C     		mov	r3, r7
 696 000a 0833     		add	r3, r3, #8
 697 000c 0022     		mov	r2, #0
 698 000e 1A60     		str	r2, [r3]
 699 0010 3B1C     		mov	r3, r7
 700 0012 0833     		add	r3, r3, #8
 701 0014 0022     		mov	r2, #0
 702 0016 5A60     		str	r2, [r3, #4]
 139:../Sources/TFC/TFC_Terminal.c **** 
 140:../Sources/TFC/TFC_Terminal.c **** 	if(sscanf(arg,"%d,%d",&ServoSetting[0],&ServoSetting[1]) == 2)
 703              		.loc 1 140 0
 704 0018 7868     		ldr	r0, [r7, #4]
 705 001a 2549     		ldr	r1, .L33
 706 001c 3A1C     		mov	r2, r7
 707 001e 0832     		add	r2, r2, #8
 708 0020 3B1C     		mov	r3, r7
 709 0022 0833     		add	r3, r3, #8
 710 0024 0433     		add	r3, r3, #4
 711 0026 FFF7FEFF 		bl	sscanf
 712 002a 031C     		mov	r3, r0
 713 002c 022B     		cmp	r3, #2
 714 002e 36D1     		bne	.L31
 141:../Sources/TFC/TFC_Terminal.c **** 	{
 142:../Sources/TFC/TFC_Terminal.c **** 	
 143:../Sources/TFC/TFC_Terminal.c **** 	TERMINAL_PRINTF("Setting Servos to %d , %d\r\n",ServoSetting[0],ServoSetting[1]);
 715              		.loc 1 143 0
 716 0030 3B1C     		mov	r3, r7
 717 0032 0833     		add	r3, r3, #8
 718 0034 1A68     		ldr	r2, [r3]
 719 0036 3B1C     		mov	r3, r7
 720 0038 0833     		add	r3, r3, #8
 721 003a 5B68     		ldr	r3, [r3, #4]
 722 003c 1D48     		ldr	r0, .L33+4
 723 003e 1E49     		ldr	r1, .L33+8
 724 0040 FFF7FEFF 		bl	Qprintf
 144:../Sources/TFC/TFC_Terminal.c **** 	
 145:../Sources/TFC/TFC_Terminal.c **** 	TFC_SetServo(0,(float)ServoSetting[0]/100.0f); //Rescale to -1.0 to 1.0
 725              		.loc 1 145 0
 726 0044 3B1C     		mov	r3, r7
 727 0046 0833     		add	r3, r3, #8
 728 0048 1B68     		ldr	r3, [r3]
 729 004a 181C     		mov	r0, r3
 730 004c FFF7FEFF 		bl	__aeabi_i2f
 731 0050 031C     		add	r3, r0, #0
 732 0052 181C     		add	r0, r3, #0
 733 0054 1949     		ldr	r1, .L33+12
 734 0056 FFF7FEFF 		bl	__aeabi_fdiv
 735 005a 031C     		add	r3, r0, #0
 736 005c 181C     		add	r0, r3, #0
 737 005e FFF7FEFF 		bl	__aeabi_f2iz
 738 0062 031C     		mov	r3, r0
 739 0064 9BB2     		uxth	r3, r3
 740 0066 1BB2     		sxth	r3, r3
 741 0068 0020     		mov	r0, #0
 742 006a 191C     		mov	r1, r3
 743 006c FFF7FEFF 		bl	TFC_SetServo
 146:../Sources/TFC/TFC_Terminal.c **** 	TFC_SetServo(1,(float)ServoSetting[1]/100.0f);
 744              		.loc 1 146 0
 745 0070 3B1C     		mov	r3, r7
 746 0072 0833     		add	r3, r3, #8
 747 0074 5B68     		ldr	r3, [r3, #4]
 748 0076 181C     		mov	r0, r3
 749 0078 FFF7FEFF 		bl	__aeabi_i2f
 750 007c 031C     		add	r3, r0, #0
 751 007e 181C     		add	r0, r3, #0
 752 0080 0E49     		ldr	r1, .L33+12
 753 0082 FFF7FEFF 		bl	__aeabi_fdiv
 754 0086 031C     		add	r3, r0, #0
 755 0088 181C     		add	r0, r3, #0
 756 008a FFF7FEFF 		bl	__aeabi_f2iz
 757 008e 031C     		mov	r3, r0
 758 0090 9BB2     		uxth	r3, r3
 759 0092 1BB2     		sxth	r3, r3
 760 0094 0120     		mov	r0, #1
 761 0096 191C     		mov	r1, r3
 762 0098 FFF7FEFF 		bl	TFC_SetServo
 763 009c 05E0     		b	.L30
 764              	.L31:
 147:../Sources/TFC/TFC_Terminal.c **** 	}
 148:../Sources/TFC/TFC_Terminal.c **** 	else
 149:../Sources/TFC/TFC_Terminal.c **** 	{
 150:../Sources/TFC/TFC_Terminal.c **** 		TERMINAL_PRINTF("Invalid servo control string. There must be 2 command separated arguments betwee
 765              		.loc 1 150 0
 766 009e 054A     		ldr	r2, .L33+4
 767 00a0 074B     		ldr	r3, .L33+16
 768 00a2 101C     		mov	r0, r2
 769 00a4 191C     		mov	r1, r3
 770 00a6 FFF7FEFF 		bl	Qprintf
 771              	.L30:
 151:../Sources/TFC/TFC_Terminal.c **** 	}
 152:../Sources/TFC/TFC_Terminal.c **** 	
 153:../Sources/TFC/TFC_Terminal.c **** }
 772              		.loc 1 153 0
 773 00aa BD46     		mov	sp, r7
 774 00ac 04B0     		add	sp, sp, #16
 775              		@ sp needed for prologue
 776 00ae 80BD     		pop	{r7, pc}
 777              	.L34:
 778              		.align	2
 779              	.L33:
 780 00b0 04020000 		.word	.LC54
 781 00b4 00000000 		.word	SDA_SERIAL_OUTGOING_QUEUE
 782 00b8 0C020000 		.word	.LC57
 783 00bc 0000C842 		.word	1120403456
 784 00c0 28020000 		.word	.LC59
 785              		.cfi_endproc
 786              	.LFE7:
 788              		.section	.rodata
 789 0295 000000   		.align	2
 790              	.LC63:
 791 0298 53657474 		.ascii	"Setting motor effort to to %d , %d\015\012\000"
 791      696E6720 
 791      6D6F746F 
 791      72206566 
 791      666F7274 
 792 02bd 000000   		.align	2
 793              	.LC65:
 794 02c0 496E7661 		.ascii	"Invalid motor control string. There must be 2 comma"
 794      6C696420 
 794      6D6F746F 
 794      7220636F 
 794      6E74726F 
 795 02f3 6E642073 		.ascii	"nd separated arguments between -100 and 100. Ex: H "
 795      65706172 
 795      61746564 
 795      20617267 
 795      756D656E 
 796 0326 34332C2D 		.ascii	"43,-43\015\012\000"
 796      34330D0A 
 796      00
 797              		.section	.text.TerminalCmd_H,"ax",%progbits
 798              		.align	2
 799              		.global	TerminalCmd_H
 800              		.code	16
 801              		.thumb_func
 803              	TerminalCmd_H:
 804              	.LFB8:
 154:../Sources/TFC/TFC_Terminal.c **** 
 155:../Sources/TFC/TFC_Terminal.c **** void TerminalCmd_H(char *arg)
 156:../Sources/TFC/TFC_Terminal.c **** {
 805              		.loc 1 156 0
 806              		.cfi_startproc
 807 0000 90B5     		push	{r4, r7, lr}
 808              	.LCFI22:
 809              		.cfi_def_cfa_offset 12
 810              		.cfi_offset 4, -12
 811              		.cfi_offset 7, -8
 812              		.cfi_offset 14, -4
 813 0002 85B0     		sub	sp, sp, #20
 814              	.LCFI23:
 815              		.cfi_def_cfa_offset 32
 816 0004 00AF     		add	r7, sp, #0
 817              	.LCFI24:
 818              		.cfi_def_cfa_register 7
 819 0006 7860     		str	r0, [r7, #4]
 157:../Sources/TFC/TFC_Terminal.c **** 
 158:../Sources/TFC/TFC_Terminal.c **** 	int MotorSetting[2] = {0,0};
 820              		.loc 1 158 0
 821 0008 3B1C     		mov	r3, r7
 822 000a 0833     		add	r3, r3, #8
 823 000c 0022     		mov	r2, #0
 824 000e 1A60     		str	r2, [r3]
 825 0010 3B1C     		mov	r3, r7
 826 0012 0833     		add	r3, r3, #8
 827 0014 0022     		mov	r2, #0
 828 0016 5A60     		str	r2, [r3, #4]
 159:../Sources/TFC/TFC_Terminal.c **** 
 160:../Sources/TFC/TFC_Terminal.c **** 	if(sscanf(arg,"%d,%d",&MotorSetting[0],&MotorSetting[1]) == 2)
 829              		.loc 1 160 0
 830 0018 7868     		ldr	r0, [r7, #4]
 831 001a 2349     		ldr	r1, .L38
 832 001c 3A1C     		mov	r2, r7
 833 001e 0832     		add	r2, r2, #8
 834 0020 3B1C     		mov	r3, r7
 835 0022 0833     		add	r3, r3, #8
 836 0024 0433     		add	r3, r3, #4
 837 0026 FFF7FEFF 		bl	sscanf
 838 002a 031C     		mov	r3, r0
 839 002c 022B     		cmp	r3, #2
 840 002e 32D1     		bne	.L36
 161:../Sources/TFC/TFC_Terminal.c **** 	{
 162:../Sources/TFC/TFC_Terminal.c **** 	
 163:../Sources/TFC/TFC_Terminal.c **** 	TERMINAL_PRINTF("Setting motor effort to to %d , %d\r\n",MotorSetting[0],MotorSetting[1]);
 841              		.loc 1 163 0
 842 0030 3B1C     		mov	r3, r7
 843 0032 0833     		add	r3, r3, #8
 844 0034 1A68     		ldr	r2, [r3]
 845 0036 3B1C     		mov	r3, r7
 846 0038 0833     		add	r3, r3, #8
 847 003a 5B68     		ldr	r3, [r3, #4]
 848 003c 1B48     		ldr	r0, .L38+4
 849 003e 1C49     		ldr	r1, .L38+8
 850 0040 FFF7FEFF 		bl	Qprintf
 164:../Sources/TFC/TFC_Terminal.c **** 	
 165:../Sources/TFC/TFC_Terminal.c **** 	TFC_SetMotorPWM((float)MotorSetting[0]/100.0f,(float)MotorSetting[1]/100.0f);
 851              		.loc 1 165 0
 852 0044 3B1C     		mov	r3, r7
 853 0046 0833     		add	r3, r3, #8
 854 0048 1B68     		ldr	r3, [r3]
 855 004a 181C     		mov	r0, r3
 856 004c FFF7FEFF 		bl	__aeabi_i2f
 857 0050 031C     		add	r3, r0, #0
 858 0052 181C     		add	r0, r3, #0
 859 0054 1749     		ldr	r1, .L38+12
 860 0056 FFF7FEFF 		bl	__aeabi_fdiv
 861 005a 031C     		add	r3, r0, #0
 862 005c 181C     		add	r0, r3, #0
 863 005e FFF7FEFF 		bl	__aeabi_f2iz
 864 0062 031C     		mov	r3, r0
 865 0064 9CB2     		uxth	r4, r3
 866 0066 3B1C     		mov	r3, r7
 867 0068 0833     		add	r3, r3, #8
 868 006a 5B68     		ldr	r3, [r3, #4]
 869 006c 181C     		mov	r0, r3
 870 006e FFF7FEFF 		bl	__aeabi_i2f
 871 0072 031C     		add	r3, r0, #0
 872 0074 181C     		add	r0, r3, #0
 873 0076 0F49     		ldr	r1, .L38+12
 874 0078 FFF7FEFF 		bl	__aeabi_fdiv
 875 007c 031C     		add	r3, r0, #0
 876 007e 181C     		add	r0, r3, #0
 877 0080 FFF7FEFF 		bl	__aeabi_f2iz
 878 0084 031C     		mov	r3, r0
 879 0086 9BB2     		uxth	r3, r3
 880 0088 22B2     		sxth	r2, r4
 881 008a 1BB2     		sxth	r3, r3
 882 008c 101C     		mov	r0, r2
 883 008e 191C     		mov	r1, r3
 884 0090 FFF7FEFF 		bl	TFC_SetMotorPWM
 885 0094 05E0     		b	.L35
 886              	.L36:
 166:../Sources/TFC/TFC_Terminal.c **** 
 167:../Sources/TFC/TFC_Terminal.c **** 
 168:../Sources/TFC/TFC_Terminal.c **** 	}
 169:../Sources/TFC/TFC_Terminal.c **** 	else
 170:../Sources/TFC/TFC_Terminal.c **** 	{
 171:../Sources/TFC/TFC_Terminal.c **** 		TERMINAL_PRINTF("Invalid motor control string. There must be 2 command separated arguments betwee
 887              		.loc 1 171 0
 888 0096 054A     		ldr	r2, .L38+4
 889 0098 074B     		ldr	r3, .L38+16
 890 009a 101C     		mov	r0, r2
 891 009c 191C     		mov	r1, r3
 892 009e FFF7FEFF 		bl	Qprintf
 893              	.L35:
 172:../Sources/TFC/TFC_Terminal.c **** 	}
 173:../Sources/TFC/TFC_Terminal.c **** 	
 174:../Sources/TFC/TFC_Terminal.c **** }
 894              		.loc 1 174 0
 895 00a2 BD46     		mov	sp, r7
 896 00a4 05B0     		add	sp, sp, #20
 897              		@ sp needed for prologue
 898 00a6 90BD     		pop	{r4, r7, pc}
 899              	.L39:
 900              		.align	2
 901              	.L38:
 902 00a8 04020000 		.word	.LC54
 903 00ac 00000000 		.word	SDA_SERIAL_OUTGOING_QUEUE
 904 00b0 98020000 		.word	.LC63
 905 00b4 0000C842 		.word	1120403456
 906 00b8 C0020000 		.word	.LC65
 907              		.cfi_endproc
 908              	.LFE8:
 910              		.section	.rodata
 911 032f 00       		.align	2
 912              	.LC76:
 913 0330 0D0A00   		.ascii	"\015\012\000"
 914 0333 00       		.align	2
 915              	.LC78:
 916 0334 0D0A2573 		.ascii	"\015\012%s command not recognized.\015\012\015\012\000"
 916      20636F6D 
 916      6D616E64 
 916      206E6F74 
 916      20726563 
 917 0355 000000   		.align	2
 918              	.LC80:
 919 0358 6E6F2061 		.ascii	"no arg\000"
 919      726700
 920 035f 00       		.align	2
 921              	.LC82:
 922 0360 0D0A3E00 		.ascii	"\015\012>\000"
 923              		.section	.text.TFC_ProcessTerminal,"ax",%progbits
 924              		.align	2
 925              		.global	TFC_ProcessTerminal
 926              		.code	16
 927              		.thumb_func
 929              	TFC_ProcessTerminal:
 930              	.LFB9:
 175:../Sources/TFC/TFC_Terminal.c **** 
 176:../Sources/TFC/TFC_Terminal.c **** 
 177:../Sources/TFC/TFC_Terminal.c **** void TFC_ProcessTerminal()
 178:../Sources/TFC/TFC_Terminal.c **** {
 931              		.loc 1 178 0
 932              		.cfi_startproc
 933 0000 80B5     		push	{r7, lr}
 934              	.LCFI25:
 935              		.cfi_def_cfa_offset 8
 936              		.cfi_offset 7, -8
 937              		.cfi_offset 14, -4
 938 0002 82B0     		sub	sp, sp, #8
 939              	.LCFI26:
 940              		.cfi_def_cfa_offset 16
 941 0004 00AF     		add	r7, sp, #0
 942              	.LCFI27:
 943              		.cfi_def_cfa_register 7
 179:../Sources/TFC/TFC_Terminal.c ****      uint8_t i,j;
 180:../Sources/TFC/TFC_Terminal.c ****      uint8_t ArgsFound;
 181:../Sources/TFC/TFC_Terminal.c ****         
 182:../Sources/TFC/TFC_Terminal.c ****     if(TERMINAL_READABLE)
 944              		.loc 1 182 0
 945 0006 A14B     		ldr	r3, .L69
 946 0008 181C     		mov	r0, r3
 947 000a FFF7FEFF 		bl	BytesInQueue
 948 000e 031C     		mov	r3, r0
 949 0010 002B     		cmp	r3, #0
 950 0012 00D1     		bne	.LCB713
 951 0014 36E1     		b	.L40	@long jump
 952              	.LCB713:
 183:../Sources/TFC/TFC_Terminal.c ****     {
 184:../Sources/TFC/TFC_Terminal.c ****        NextCharIn = TERMINAL_GETC;
 953              		.loc 1 184 0
 954 0016 9D4B     		ldr	r3, .L69
 955 0018 181C     		mov	r0, r3
 956 001a FFF7FEFF 		bl	ForcedByteDequeue
 957 001e 031C     		mov	r3, r0
 958 0020 1A1C     		mov	r2, r3
 959 0022 9B4B     		ldr	r3, .L69+4
 960 0024 1A70     		strb	r2, [r3]
 185:../Sources/TFC/TFC_Terminal.c ****        
 186:../Sources/TFC/TFC_Terminal.c ****         switch(NextCharIn)
 961              		.loc 1 186 0
 962 0026 9A4B     		ldr	r3, .L69+4
 963 0028 1B78     		ldrb	r3, [r3]
 964 002a 082B     		cmp	r3, #8
 965 002c 00D1     		bne	.LCB724
 966 002e EBE0     		b	.L43	@long jump
 967              	.LCB724:
 968 0030 0D2B     		cmp	r3, #13
 969 0032 00D0     		beq	.LCB726
 970 0034 FAE0     		b	.L64	@long jump
 971              	.LCB726:
 972              	.L44:
 187:../Sources/TFC/TFC_Terminal.c ****         {
 188:../Sources/TFC/TFC_Terminal.c ****             case '\r':
 189:../Sources/TFC/TFC_Terminal.c ****              
 190:../Sources/TFC/TFC_Terminal.c ****              TerminalLineBuf[TerminalPos++] = 0x0;
 973              		.loc 1 190 0
 974 0036 974B     		ldr	r3, .L69+8
 975 0038 1B78     		ldrb	r3, [r3]
 976 003a 1A1C     		mov	r2, r3
 977 003c 9649     		ldr	r1, .L69+12
 978 003e 0020     		mov	r0, #0
 979 0040 8854     		strb	r0, [r1, r2]
 980 0042 0133     		add	r3, r3, #1
 981 0044 DAB2     		uxtb	r2, r3
 982 0046 934B     		ldr	r3, .L69+8
 983 0048 1A70     		strb	r2, [r3]
 191:../Sources/TFC/TFC_Terminal.c ****              TERMINAL_PUTC(NextCharIn);
 984              		.loc 1 191 0
 985 004a 914B     		ldr	r3, .L69+4
 986 004c 1B78     		ldrb	r3, [r3]
 987 004e 934A     		ldr	r2, .L69+16
 988 0050 101C     		mov	r0, r2
 989 0052 191C     		mov	r1, r3
 990 0054 FFF7FEFF 		bl	ByteEnqueue
 192:../Sources/TFC/TFC_Terminal.c ****            
 193:../Sources/TFC/TFC_Terminal.c ****              if(TerminalPos > 1)
 991              		.loc 1 193 0
 992 0058 8E4B     		ldr	r3, .L69+8
 993 005a 1B78     		ldrb	r3, [r3]
 994 005c 012B     		cmp	r3, #1
 995 005e 00D8     		bhi	.LCB747
 996 0060 C8E0     		b	.L45	@long jump
 997              	.LCB747:
 194:../Sources/TFC/TFC_Terminal.c ****              {
 195:../Sources/TFC/TFC_Terminal.c ****                  //find the command
 196:../Sources/TFC/TFC_Terminal.c ****                  i=0;
 998              		.loc 1 196 0
 999 0062 FB1D     		add	r3, r7, #7
 1000 0064 0022     		mov	r2, #0
 1001 0066 1A70     		strb	r2, [r3]
 197:../Sources/TFC/TFC_Terminal.c ****                  while(TerminalLineBuf[i]>0x20 &&  TerminalLineBuf[i]<0x7f)
 1002              		.loc 1 197 0
 1003 0068 10E0     		b	.L46
 1004              	.L48:
 198:../Sources/TFC/TFC_Terminal.c ****                  {
 199:../Sources/TFC/TFC_Terminal.c ****                       TerminalCmdBuf[i] = TerminalLineBuf[i];
 1005              		.loc 1 199 0
 1006 006a FB1D     		add	r3, r7, #7
 1007 006c 1B78     		ldrb	r3, [r3]
 1008 006e FA1D     		add	r2, r7, #7
 1009 0070 1278     		ldrb	r2, [r2]
 1010 0072 8949     		ldr	r1, .L69+12
 1011 0074 895C     		ldrb	r1, [r1, r2]
 1012 0076 8A4A     		ldr	r2, .L69+20
 1013 0078 D154     		strb	r1, [r2, r3]
 200:../Sources/TFC/TFC_Terminal.c ****                       i++;
 1014              		.loc 1 200 0
 1015 007a FB1D     		add	r3, r7, #7
 1016 007c FA1D     		add	r2, r7, #7
 1017 007e 1278     		ldrb	r2, [r2]
 1018 0080 0132     		add	r2, r2, #1
 1019 0082 1A70     		strb	r2, [r3]
 201:../Sources/TFC/TFC_Terminal.c ****     
 202:../Sources/TFC/TFC_Terminal.c ****                     if(i==MAX_TERMINAL_CMD_CHARS)
 1020              		.loc 1 202 0
 1021 0084 FB1D     		add	r3, r7, #7
 1022 0086 1B78     		ldrb	r3, [r3]
 1023 0088 202B     		cmp	r3, #32
 1024 008a 0CD0     		beq	.L66
 1025              	.L46:
 197:../Sources/TFC/TFC_Terminal.c ****                  while(TerminalLineBuf[i]>0x20 &&  TerminalLineBuf[i]<0x7f)
 1026              		.loc 1 197 0
 1027 008c FB1D     		add	r3, r7, #7
 1028 008e 1B78     		ldrb	r3, [r3]
 1029 0090 814A     		ldr	r2, .L69+12
 1030 0092 D35C     		ldrb	r3, [r2, r3]
 1031 0094 202B     		cmp	r3, #32
 1032 0096 07D9     		bls	.L47
 197:../Sources/TFC/TFC_Terminal.c ****                  while(TerminalLineBuf[i]>0x20 &&  TerminalLineBuf[i]<0x7f)
 1033              		.loc 1 197 0 is_stmt 0
 1034 0098 FB1D     		add	r3, r7, #7
 1035 009a 1B78     		ldrb	r3, [r3]
 1036 009c 7E4A     		ldr	r2, .L69+12
 1037 009e D35C     		ldrb	r3, [r2, r3]
 1038 00a0 7E2B     		cmp	r3, #126
 1039 00a2 E2D9     		bls	.L48
 1040 00a4 00E0     		b	.L47
 1041              	.L66:
 203:../Sources/TFC/TFC_Terminal.c ****                         {
 204:../Sources/TFC/TFC_Terminal.c ****                          break;
 1042              		.loc 1 204 0 is_stmt 1
 1043 00a6 C046     		mov	r8, r8
 1044              	.L47:
 205:../Sources/TFC/TFC_Terminal.c ****                         }
 206:../Sources/TFC/TFC_Terminal.c ****                  }
 207:../Sources/TFC/TFC_Terminal.c ****                     
 208:../Sources/TFC/TFC_Terminal.c ****                 TerminalCmdBuf[i] = 0;
 1045              		.loc 1 208 0
 1046 00a8 FB1D     		add	r3, r7, #7
 1047 00aa 1B78     		ldrb	r3, [r3]
 1048 00ac 7C4A     		ldr	r2, .L69+20
 1049 00ae 0021     		mov	r1, #0
 1050 00b0 D154     		strb	r1, [r2, r3]
 209:../Sources/TFC/TFC_Terminal.c ****                 TerminalCmdBuf[i+1] = 0;
 1051              		.loc 1 209 0
 1052 00b2 FB1D     		add	r3, r7, #7
 1053 00b4 1B78     		ldrb	r3, [r3]
 1054 00b6 0133     		add	r3, r3, #1
 1055 00b8 794A     		ldr	r2, .L69+20
 1056 00ba 0021     		mov	r1, #0
 1057 00bc D154     		strb	r1, [r2, r3]
 210:../Sources/TFC/TFC_Terminal.c ****                 
 211:../Sources/TFC/TFC_Terminal.c ****                 
 212:../Sources/TFC/TFC_Terminal.c ****                 ArgsFound = TRUE;
 1058              		.loc 1 212 0
 1059 00be 7B1D     		add	r3, r7, #5
 1060 00c0 0122     		mov	r2, #1
 1061 00c2 1A70     		strb	r2, [r3]
 213:../Sources/TFC/TFC_Terminal.c ****                 memset(TerminalArgs,0x00,sizeof(TerminalArgs));
 1062              		.loc 1 213 0
 1063 00c4 774B     		ldr	r3, .L69+24
 1064 00c6 181C     		mov	r0, r3
 1065 00c8 0021     		mov	r1, #0
 1066 00ca 2022     		mov	r2, #32
 1067 00cc FFF7FEFF 		bl	memset
 214:../Sources/TFC/TFC_Terminal.c ****                 //scan for num terminator or next non whitespace
 215:../Sources/TFC/TFC_Terminal.c ****                 while(TerminalLineBuf[i]<=0x20 && (i<MAX_TERMINAL_LINE_CHARS))
 1068              		.loc 1 215 0
 1069 00d0 0EE0     		b	.L49
 1070              	.L52:
 216:../Sources/TFC/TFC_Terminal.c ****                 {
 217:../Sources/TFC/TFC_Terminal.c ****                     if(TerminalLineBuf[i] == 0x00)
 1071              		.loc 1 217 0
 1072 00d2 FB1D     		add	r3, r7, #7
 1073 00d4 1B78     		ldrb	r3, [r3]
 1074 00d6 704A     		ldr	r2, .L69+12
 1075 00d8 D35C     		ldrb	r3, [r2, r3]
 1076 00da 002B     		cmp	r3, #0
 1077 00dc 03D1     		bne	.L50
 218:../Sources/TFC/TFC_Terminal.c ****                     {
 219:../Sources/TFC/TFC_Terminal.c ****                     
 220:../Sources/TFC/TFC_Terminal.c ****                         //if we find a NULL terminator before a non whitespace character they flag 
 221:../Sources/TFC/TFC_Terminal.c ****                         ArgsFound = FALSE;
 1078              		.loc 1 221 0
 1079 00de 7B1D     		add	r3, r7, #5
 1080 00e0 0022     		mov	r2, #0
 1081 00e2 1A70     		strb	r2, [r3]
 222:../Sources/TFC/TFC_Terminal.c ****                         break;
 1082              		.loc 1 222 0
 1083 00e4 0EE0     		b	.L51
 1084              	.L50:
 223:../Sources/TFC/TFC_Terminal.c ****                     }   
 224:../Sources/TFC/TFC_Terminal.c ****                     i++; 
 1085              		.loc 1 224 0
 1086 00e6 FB1D     		add	r3, r7, #7
 1087 00e8 FA1D     		add	r2, r7, #7
 1088 00ea 1278     		ldrb	r2, [r2]
 1089 00ec 0132     		add	r2, r2, #1
 1090 00ee 1A70     		strb	r2, [r3]
 1091              	.L49:
 215:../Sources/TFC/TFC_Terminal.c ****                 while(TerminalLineBuf[i]<=0x20 && (i<MAX_TERMINAL_LINE_CHARS))
 1092              		.loc 1 215 0
 1093 00f0 FB1D     		add	r3, r7, #7
 1094 00f2 1B78     		ldrb	r3, [r3]
 1095 00f4 684A     		ldr	r2, .L69+12
 1096 00f6 D35C     		ldrb	r3, [r2, r3]
 1097 00f8 202B     		cmp	r3, #32
 1098 00fa 03D8     		bhi	.L51
 215:../Sources/TFC/TFC_Terminal.c ****                 while(TerminalLineBuf[i]<=0x20 && (i<MAX_TERMINAL_LINE_CHARS))
 1099              		.loc 1 215 0 is_stmt 0
 1100 00fc FB1D     		add	r3, r7, #7
 1101 00fe 1B78     		ldrb	r3, [r3]
 1102 0100 3F2B     		cmp	r3, #63
 1103 0102 E6D9     		bls	.L52
 1104              	.L51:
 225:../Sources/TFC/TFC_Terminal.c ****                 }
 226:../Sources/TFC/TFC_Terminal.c ****                 
 227:../Sources/TFC/TFC_Terminal.c ****                 if(ArgsFound == TRUE)
 1105              		.loc 1 227 0 is_stmt 1
 1106 0104 7B1D     		add	r3, r7, #5
 1107 0106 1B78     		ldrb	r3, [r3]
 1108 0108 012B     		cmp	r3, #1
 1109 010a 20D1     		bne	.L53
 228:../Sources/TFC/TFC_Terminal.c ****                 {
 229:../Sources/TFC/TFC_Terminal.c ****                     strcpy(TerminalArgs,&TerminalLineBuf[i]);
 1110              		.loc 1 229 0
 1111 010c FB1D     		add	r3, r7, #7
 1112 010e 1A78     		ldrb	r2, [r3]
 1113 0110 614B     		ldr	r3, .L69+12
 1114 0112 D318     		add	r3, r2, r3
 1115 0114 634A     		ldr	r2, .L69+24
 1116 0116 101C     		mov	r0, r2
 1117 0118 191C     		mov	r1, r3
 1118 011a FFF7FEFF 		bl	strcpy
 230:../Sources/TFC/TFC_Terminal.c ****                     
 231:../Sources/TFC/TFC_Terminal.c ****                     //trim trailing whitespace
 232:../Sources/TFC/TFC_Terminal.c ****                     i = sizeof(TerminalArgs)-1;
 1119              		.loc 1 232 0
 1120 011e FB1D     		add	r3, r7, #7
 1121 0120 1F22     		mov	r2, #31
 1122 0122 1A70     		strb	r2, [r3]
 233:../Sources/TFC/TFC_Terminal.c ****                     
 234:../Sources/TFC/TFC_Terminal.c ****                     while((TerminalArgs[i]<0x21) && (i>0))
 1123              		.loc 1 234 0
 1124 0124 09E0     		b	.L54
 1125              	.L55:
 235:../Sources/TFC/TFC_Terminal.c ****                     {
 236:../Sources/TFC/TFC_Terminal.c ****                         TerminalArgs[i]= 0x00;
 1126              		.loc 1 236 0
 1127 0126 FB1D     		add	r3, r7, #7
 1128 0128 1B78     		ldrb	r3, [r3]
 1129 012a 5E4A     		ldr	r2, .L69+24
 1130 012c 0021     		mov	r1, #0
 1131 012e D154     		strb	r1, [r2, r3]
 237:../Sources/TFC/TFC_Terminal.c ****                         i--;
 1132              		.loc 1 237 0
 1133 0130 FB1D     		add	r3, r7, #7
 1134 0132 FA1D     		add	r2, r7, #7
 1135 0134 1278     		ldrb	r2, [r2]
 1136 0136 013A     		sub	r2, r2, #1
 1137 0138 1A70     		strb	r2, [r3]
 1138              	.L54:
 234:../Sources/TFC/TFC_Terminal.c ****                     while((TerminalArgs[i]<0x21) && (i>0))
 1139              		.loc 1 234 0
 1140 013a FB1D     		add	r3, r7, #7
 1141 013c 1B78     		ldrb	r3, [r3]
 1142 013e 594A     		ldr	r2, .L69+24
 1143 0140 D35C     		ldrb	r3, [r2, r3]
 1144 0142 202B     		cmp	r3, #32
 1145 0144 03D8     		bhi	.L53
 234:../Sources/TFC/TFC_Terminal.c ****                     while((TerminalArgs[i]<0x21) && (i>0))
 1146              		.loc 1 234 0 is_stmt 0
 1147 0146 FB1D     		add	r3, r7, #7
 1148 0148 1B78     		ldrb	r3, [r3]
 1149 014a 002B     		cmp	r3, #0
 1150 014c EBD1     		bne	.L55
 1151              	.L53:
 238:../Sources/TFC/TFC_Terminal.c ****                     }       
 239:../Sources/TFC/TFC_Terminal.c ****                 }
 240:../Sources/TFC/TFC_Terminal.c ****                 
 241:../Sources/TFC/TFC_Terminal.c ****                 CmdFound = FALSE;
 1152              		.loc 1 241 0 is_stmt 1
 1153 014e 564B     		ldr	r3, .L69+28
 1154 0150 0022     		mov	r2, #0
 1155 0152 1A70     		strb	r2, [r3]
 242:../Sources/TFC/TFC_Terminal.c ****                 for(j=0;j<NUM_TERMINAL_COMMANDS;j++)
 1156              		.loc 1 242 0
 1157 0154 BB1D     		add	r3, r7, #6
 1158 0156 0022     		mov	r2, #0
 1159 0158 1A70     		strb	r2, [r3]
 1160 015a 37E0     		b	.L56
 1161              	.L60:
 243:../Sources/TFC/TFC_Terminal.c ****                 {           
 244:../Sources/TFC/TFC_Terminal.c ****                     if(strcmp(TerminalCmdBuf,MyTerminalCallbackRecords[j].CommandString) == 0)
 1162              		.loc 1 244 0
 1163 015c BB1D     		add	r3, r7, #6
 1164 015e 1A78     		ldrb	r2, [r3]
 1165 0160 5249     		ldr	r1, .L69+32
 1166 0162 131C     		mov	r3, r2
 1167 0164 5B00     		lsl	r3, r3, #1
 1168 0166 9B18     		add	r3, r3, r2
 1169 0168 9B00     		lsl	r3, r3, #2
 1170 016a 5B58     		ldr	r3, [r3, r1]
 1171 016c 4C4A     		ldr	r2, .L69+20
 1172 016e 101C     		mov	r0, r2
 1173 0170 191C     		mov	r1, r3
 1174 0172 FFF7FEFF 		bl	strcmp
 1175 0176 031C     		mov	r3, r0
 1176 0178 002B     		cmp	r3, #0
 1177 017a 22D1     		bne	.L57
 245:../Sources/TFC/TFC_Terminal.c ****                     {
 246:../Sources/TFC/TFC_Terminal.c ****                         TERMINAL_PRINTF("\r\n");
 1178              		.loc 1 246 0
 1179 017c 474A     		ldr	r2, .L69+16
 1180 017e 4C4B     		ldr	r3, .L69+36
 1181 0180 101C     		mov	r0, r2
 1182 0182 191C     		mov	r1, r3
 1183 0184 FFF7FEFF 		bl	Qprintf
 247:../Sources/TFC/TFC_Terminal.c ****                         if(MyTerminalCallbackRecords[j].Callback != NULL)
 1184              		.loc 1 247 0
 1185 0188 BB1D     		add	r3, r7, #6
 1186 018a 1A78     		ldrb	r2, [r3]
 1187 018c 4749     		ldr	r1, .L69+32
 1188 018e 131C     		mov	r3, r2
 1189 0190 5B00     		lsl	r3, r3, #1
 1190 0192 9B18     		add	r3, r3, r2
 1191 0194 9B00     		lsl	r3, r3, #2
 1192 0196 CB18     		add	r3, r1, r3
 1193 0198 0433     		add	r3, r3, #4
 1194 019a 1B68     		ldr	r3, [r3]
 1195 019c 002B     		cmp	r3, #0
 1196 019e 0CD0     		beq	.L58
 248:../Sources/TFC/TFC_Terminal.c ****                             MyTerminalCallbackRecords[j].Callback(TerminalArgs);
 1197              		.loc 1 248 0
 1198 01a0 BB1D     		add	r3, r7, #6
 1199 01a2 1A78     		ldrb	r2, [r3]
 1200 01a4 4149     		ldr	r1, .L69+32
 1201 01a6 131C     		mov	r3, r2
 1202 01a8 5B00     		lsl	r3, r3, #1
 1203 01aa 9B18     		add	r3, r3, r2
 1204 01ac 9B00     		lsl	r3, r3, #2
 1205 01ae CB18     		add	r3, r1, r3
 1206 01b0 0433     		add	r3, r3, #4
 1207 01b2 1B68     		ldr	r3, [r3]
 1208 01b4 3B4A     		ldr	r2, .L69+24
 1209 01b6 101C     		mov	r0, r2
 1210 01b8 9847     		blx	r3
 1211              	.L58:
 249:../Sources/TFC/TFC_Terminal.c ****                     
 250:../Sources/TFC/TFC_Terminal.c ****                         CmdFound = TRUE;
 1212              		.loc 1 250 0
 1213 01ba 3B4B     		ldr	r3, .L69+28
 1214 01bc 0122     		mov	r2, #1
 1215 01be 1A70     		strb	r2, [r3]
 251:../Sources/TFC/TFC_Terminal.c ****                         break;
 1216              		.loc 1 251 0
 1217 01c0 08E0     		b	.L59
 1218              	.L57:
 242:../Sources/TFC/TFC_Terminal.c ****                 for(j=0;j<NUM_TERMINAL_COMMANDS;j++)
 1219              		.loc 1 242 0
 1220 01c2 BB1D     		add	r3, r7, #6
 1221 01c4 BA1D     		add	r2, r7, #6
 1222 01c6 1278     		ldrb	r2, [r2]
 1223 01c8 0132     		add	r2, r2, #1
 1224 01ca 1A70     		strb	r2, [r3]
 1225              	.L56:
 242:../Sources/TFC/TFC_Terminal.c ****                 for(j=0;j<NUM_TERMINAL_COMMANDS;j++)
 1226              		.loc 1 242 0 is_stmt 0
 1227 01cc BB1D     		add	r3, r7, #6
 1228 01ce 1B78     		ldrb	r3, [r3]
 1229 01d0 052B     		cmp	r3, #5
 1230 01d2 C3D9     		bls	.L60
 1231              	.L59:
 252:../Sources/TFC/TFC_Terminal.c ****                     }             
 253:../Sources/TFC/TFC_Terminal.c ****                 }        
 254:../Sources/TFC/TFC_Terminal.c ****                 if(CmdFound == FALSE)
 1232              		.loc 1 254 0 is_stmt 1
 1233 01d4 344B     		ldr	r3, .L69+28
 1234 01d6 1B78     		ldrb	r3, [r3]
 1235 01d8 002B     		cmp	r3, #0
 1236 01da 0BD1     		bne	.L45
 255:../Sources/TFC/TFC_Terminal.c ****                 {
 256:../Sources/TFC/TFC_Terminal.c ****                   TERMINAL_PRINTF("\r\n%s command not recognized.\r\n\r\n",TerminalCmdBuf);
 1237              		.loc 1 256 0
 1238 01dc 2F49     		ldr	r1, .L69+16
 1239 01de 354A     		ldr	r2, .L69+40
 1240 01e0 2F4B     		ldr	r3, .L69+20
 1241 01e2 081C     		mov	r0, r1
 1242 01e4 111C     		mov	r1, r2
 1243 01e6 1A1C     		mov	r2, r3
 1244 01e8 FFF7FEFF 		bl	Qprintf
 257:../Sources/TFC/TFC_Terminal.c ****                   TerminalCmd_Help("no arg");
 1245              		.loc 1 257 0
 1246 01ec 324B     		ldr	r3, .L69+44
 1247 01ee 181C     		mov	r0, r3
 1248 01f0 FFF7FEFF 		bl	TerminalCmd_Help
 1249              	.L45:
 258:../Sources/TFC/TFC_Terminal.c ****                   
 259:../Sources/TFC/TFC_Terminal.c ****                 }
 260:../Sources/TFC/TFC_Terminal.c ****               }    
 261:../Sources/TFC/TFC_Terminal.c ****              TERMINAL_PRINTF("\r\n>");
 1250              		.loc 1 261 0
 1251 01f4 294A     		ldr	r2, .L69+16
 1252 01f6 314B     		ldr	r3, .L69+48
 1253 01f8 101C     		mov	r0, r2
 1254 01fa 191C     		mov	r1, r3
 1255 01fc FFF7FEFF 		bl	Qprintf
 262:../Sources/TFC/TFC_Terminal.c ****              TerminalPos = 0;
 1256              		.loc 1 262 0
 1257 0200 244B     		ldr	r3, .L69+8
 1258 0202 0022     		mov	r2, #0
 1259 0204 1A70     		strb	r2, [r3]
 263:../Sources/TFC/TFC_Terminal.c ****             
 264:../Sources/TFC/TFC_Terminal.c ****             break;
 1260              		.loc 1 264 0
 1261 0206 3DE0     		b	.L40
 1262              	.L43:
 265:../Sources/TFC/TFC_Terminal.c ****             
 266:../Sources/TFC/TFC_Terminal.c ****             case '\b':
 267:../Sources/TFC/TFC_Terminal.c ****                 if(TerminalPos > 0)
 1263              		.loc 1 267 0
 1264 0208 224B     		ldr	r3, .L69+8
 1265 020a 1B78     		ldrb	r3, [r3]
 1266 020c 002B     		cmp	r3, #0
 1267 020e 36D0     		beq	.L67
 268:../Sources/TFC/TFC_Terminal.c ****                 {
 269:../Sources/TFC/TFC_Terminal.c ****                     TerminalPos--;    
 1268              		.loc 1 269 0
 1269 0210 204B     		ldr	r3, .L69+8
 1270 0212 1B78     		ldrb	r3, [r3]
 1271 0214 013B     		sub	r3, r3, #1
 1272 0216 DAB2     		uxtb	r2, r3
 1273 0218 1E4B     		ldr	r3, .L69+8
 1274 021a 1A70     		strb	r2, [r3]
 270:../Sources/TFC/TFC_Terminal.c ****                     TERMINAL_PUTC(NextCharIn);
 1275              		.loc 1 270 0
 1276 021c 1C4B     		ldr	r3, .L69+4
 1277 021e 1B78     		ldrb	r3, [r3]
 1278 0220 1E4A     		ldr	r2, .L69+16
 1279 0222 101C     		mov	r0, r2
 1280 0224 191C     		mov	r1, r3
 1281 0226 FFF7FEFF 		bl	ByteEnqueue
 271:../Sources/TFC/TFC_Terminal.c ****                 }
 272:../Sources/TFC/TFC_Terminal.c ****             break;
 1282              		.loc 1 272 0
 1283 022a 28E0     		b	.L67
 1284              	.L64:
 273:../Sources/TFC/TFC_Terminal.c ****             
 274:../Sources/TFC/TFC_Terminal.c ****             default:
 275:../Sources/TFC/TFC_Terminal.c ****                 
 276:../Sources/TFC/TFC_Terminal.c ****                 if(TerminalPos == 0 && NextCharIn == 0x020)
 1285              		.loc 1 276 0
 1286 022c 194B     		ldr	r3, .L69+8
 1287 022e 1B78     		ldrb	r3, [r3]
 1288 0230 002B     		cmp	r3, #0
 1289 0232 03D1     		bne	.L62
 1290              		.loc 1 276 0 is_stmt 0
 1291 0234 164B     		ldr	r3, .L69+4
 1292 0236 1B78     		ldrb	r3, [r3]
 1293 0238 202B     		cmp	r3, #32
 1294 023a 1ED0     		beq	.L65
 1295              	.L62:
 277:../Sources/TFC/TFC_Terminal.c ****                 {
 278:../Sources/TFC/TFC_Terminal.c ****                      //Do nothing if space bar is pressed at beginning of line    
 279:../Sources/TFC/TFC_Terminal.c ****                 }
 280:../Sources/TFC/TFC_Terminal.c ****                    else if(NextCharIn >= 0x20 && NextCharIn<0x7F)
 1296              		.loc 1 280 0 is_stmt 1
 1297 023c 144B     		ldr	r3, .L69+4
 1298 023e 1B78     		ldrb	r3, [r3]
 1299 0240 1F2B     		cmp	r3, #31
 1300 0242 1ED9     		bls	.L68
 1301              		.loc 1 280 0 is_stmt 0
 1302 0244 124B     		ldr	r3, .L69+4
 1303 0246 1B78     		ldrb	r3, [r3]
 1304 0248 7E2B     		cmp	r3, #126
 1305 024a 1AD8     		bhi	.L68
 281:../Sources/TFC/TFC_Terminal.c ****                 {
 282:../Sources/TFC/TFC_Terminal.c ****                     
 283:../Sources/TFC/TFC_Terminal.c ****                     if(TerminalPos < MAX_TERMINAL_LINE_CHARS-1)
 1306              		.loc 1 283 0 is_stmt 1
 1307 024c 114B     		ldr	r3, .L69+8
 1308 024e 1B78     		ldrb	r3, [r3]
 1309 0250 3E2B     		cmp	r3, #62
 1310 0252 16D8     		bhi	.L68
 284:../Sources/TFC/TFC_Terminal.c ****                     {
 285:../Sources/TFC/TFC_Terminal.c ****                          TerminalLineBuf[TerminalPos++] = NextCharIn;
 1311              		.loc 1 285 0
 1312 0254 0F4B     		ldr	r3, .L69+8
 1313 0256 1B78     		ldrb	r3, [r3]
 1314 0258 1A1C     		mov	r2, r3
 1315 025a 0D49     		ldr	r1, .L69+4
 1316 025c 0878     		ldrb	r0, [r1]
 1317 025e 0E49     		ldr	r1, .L69+12
 1318 0260 8854     		strb	r0, [r1, r2]
 1319 0262 0133     		add	r3, r3, #1
 1320 0264 DAB2     		uxtb	r2, r3
 1321 0266 0B4B     		ldr	r3, .L69+8
 1322 0268 1A70     		strb	r2, [r3]
 286:../Sources/TFC/TFC_Terminal.c ****                         TERMINAL_PUTC(NextCharIn);
 1323              		.loc 1 286 0
 1324 026a 094B     		ldr	r3, .L69+4
 1325 026c 1B78     		ldrb	r3, [r3]
 1326 026e 0B4A     		ldr	r2, .L69+16
 1327 0270 101C     		mov	r0, r2
 1328 0272 191C     		mov	r1, r3
 1329 0274 FFF7FEFF 		bl	ByteEnqueue
 287:../Sources/TFC/TFC_Terminal.c ****                     }
 288:../Sources/TFC/TFC_Terminal.c ****                 }
 289:../Sources/TFC/TFC_Terminal.c ****             
 290:../Sources/TFC/TFC_Terminal.c ****             break;
 1330              		.loc 1 290 0
 1331 0278 03E0     		b	.L68
 1332              	.L65:
 1333 027a C046     		mov	r8, r8
 1334 027c 01E0     		b	.L68
 1335              	.L67:
 272:../Sources/TFC/TFC_Terminal.c ****             break;
 1336              		.loc 1 272 0
 1337 027e C046     		mov	r8, r8
 1338 0280 00E0     		b	.L40
 1339              	.L68:
 1340              		.loc 1 290 0
 1341 0282 C046     		mov	r8, r8
 1342              	.L40:
 291:../Sources/TFC/TFC_Terminal.c ****         
 292:../Sources/TFC/TFC_Terminal.c ****         }
 293:../Sources/TFC/TFC_Terminal.c ****     }
 294:../Sources/TFC/TFC_Terminal.c ****  
 295:../Sources/TFC/TFC_Terminal.c **** }
 1343              		.loc 1 295 0
 1344 0284 BD46     		mov	sp, r7
 1345 0286 02B0     		add	sp, sp, #8
 1346              		@ sp needed for prologue
 1347 0288 80BD     		pop	{r7, pc}
 1348              	.L70:
 1349 028a C046     		.align	2
 1350              	.L69:
 1351 028c 00000000 		.word	SDA_SERIAL_INCOMING_QUEUE
 1352 0290 00000000 		.word	NextCharIn
 1353 0294 00000000 		.word	TerminalPos
 1354 0298 00000000 		.word	TerminalLineBuf
 1355 029c 00000000 		.word	SDA_SERIAL_OUTGOING_QUEUE
 1356 02a0 00000000 		.word	TerminalCmdBuf
 1357 02a4 00000000 		.word	TerminalArgs
 1358 02a8 00000000 		.word	CmdFound
 1359 02ac 00000000 		.word	MyTerminalCallbackRecords
 1360 02b0 30030000 		.word	.LC76
 1361 02b4 34030000 		.word	.LC78
 1362 02b8 58030000 		.word	.LC80
 1363 02bc 60030000 		.word	.LC82
 1364              		.cfi_endproc
 1365              	.LFE9:
 1367              		.text
 1368              	.Letext0:
 1369              		.file 2 "C:/Freescale/CW MCU v10.6/MCU/ARM_GCC_Support/ewl/EWL_C/include/cstdint"
 1370              		.file 3 "C:/Users/B48861/TFC/Carcode/Project_Headers/MKL25Z4.h"
 1371              		.file 4 "C:/Users/B48861/TFC/Carcode/Project_Headers/TFC\\TFC_Queue.h"
 1372              		.file 5 "C:/Users/B48861/TFC/Carcode/Project_Headers/TFC\\TFC_LineScanCamera.h"
 1373              		.file 6 "C:/Users/B48861/TFC/Carcode/Project_Headers/TFC\\TFC_UART.h"
DEFINED SYMBOLS
                            *ABS*:00000000 TFC_Terminal.c
C:\Users\B48861\AppData\Local\Temp\ccS9mmAa.s:59     .data.MyTerminalCallbackRecords:00000000 MyTerminalCallbackRecords
C:\Users\B48861\AppData\Local\Temp\ccS9mmAa.s:19     .rodata:00000000 $d
C:\Users\B48861\AppData\Local\Temp\ccS9mmAa.s:56     .data.MyTerminalCallbackRecords:00000000 $d
C:\Users\B48861\AppData\Local\Temp\ccS9mmAa.s:232    .text.TerminalCmd_Help:00000000 TerminalCmd_Help
C:\Users\B48861\AppData\Local\Temp\ccS9mmAa.s:490    .text.TerminalCmd_GetLineScan:00000000 TerminalCmd_GetLineScan
C:\Users\B48861\AppData\Local\Temp\ccS9mmAa.s:678    .text.TerminalCmd_S:00000000 TerminalCmd_S
C:\Users\B48861\AppData\Local\Temp\ccS9mmAa.s:803    .text.TerminalCmd_H:00000000 TerminalCmd_H
C:\Users\B48861\AppData\Local\Temp\ccS9mmAa.s:375    .text.TerminalCmd_E:00000000 TerminalCmd_E
C:\Users\B48861\AppData\Local\Temp\ccS9mmAa.s:426    .text.TerminalCmd_D:00000000 TerminalCmd_D
                            *COM*:00000040 TerminalLineBuf
                            *COM*:00000001 TerminalPos
                            *COM*:00000021 TerminalCmdBuf
                            *COM*:00000020 TerminalArgs
                            *COM*:00000001 NextCharIn
                            *COM*:00000001 CmdFound
C:\Users\B48861\AppData\Local\Temp\ccS9mmAa.s:105    .text.TerminalBootMsg:00000000 $t
C:\Users\B48861\AppData\Local\Temp\ccS9mmAa.s:110    .text.TerminalBootMsg:00000000 TerminalBootMsg
C:\Users\B48861\AppData\Local\Temp\ccS9mmAa.s:166    .text.TerminalBootMsg:00000050 $d
C:\Users\B48861\AppData\Local\Temp\ccS9mmAa.s:177    .text.TFC_InitTerminal:00000000 $t
C:\Users\B48861\AppData\Local\Temp\ccS9mmAa.s:182    .text.TFC_InitTerminal:00000000 TFC_InitTerminal
C:\Users\B48861\AppData\Local\Temp\ccS9mmAa.s:211    .text.TFC_InitTerminal:00000018 $d
C:\Users\B48861\AppData\Local\Temp\ccS9mmAa.s:227    .text.TerminalCmd_Help:00000000 $t
C:\Users\B48861\AppData\Local\Temp\ccS9mmAa.s:324    .text.TerminalCmd_Help:0000008c $d
C:\Users\B48861\AppData\Local\Temp\ccS9mmAa.s:334    .text.TerminalCmd_Reboot:00000000 $t
C:\Users\B48861\AppData\Local\Temp\ccS9mmAa.s:339    .text.TerminalCmd_Reboot:00000000 TerminalCmd_Reboot
C:\Users\B48861\AppData\Local\Temp\ccS9mmAa.s:370    .text.TerminalCmd_E:00000000 $t
C:\Users\B48861\AppData\Local\Temp\ccS9mmAa.s:410    .text.TerminalCmd_E:00000024 $d
C:\Users\B48861\AppData\Local\Temp\ccS9mmAa.s:421    .text.TerminalCmd_D:00000000 $t
C:\Users\B48861\AppData\Local\Temp\ccS9mmAa.s:465    .text.TerminalCmd_D:0000002c $d
C:\Users\B48861\AppData\Local\Temp\ccS9mmAa.s:485    .text.TerminalCmd_GetLineScan:00000000 $t
C:\Users\B48861\AppData\Local\Temp\ccS9mmAa.s:646    .text.TerminalCmd_GetLineScan:000000f8 $d
C:\Users\B48861\AppData\Local\Temp\ccS9mmAa.s:673    .text.TerminalCmd_S:00000000 $t
C:\Users\B48861\AppData\Local\Temp\ccS9mmAa.s:780    .text.TerminalCmd_S:000000b0 $d
C:\Users\B48861\AppData\Local\Temp\ccS9mmAa.s:798    .text.TerminalCmd_H:00000000 $t
C:\Users\B48861\AppData\Local\Temp\ccS9mmAa.s:902    .text.TerminalCmd_H:000000a8 $d
C:\Users\B48861\AppData\Local\Temp\ccS9mmAa.s:924    .text.TFC_ProcessTerminal:00000000 $t
C:\Users\B48861\AppData\Local\Temp\ccS9mmAa.s:929    .text.TFC_ProcessTerminal:00000000 TFC_ProcessTerminal
C:\Users\B48861\AppData\Local\Temp\ccS9mmAa.s:1351   .text.TFC_ProcessTerminal:0000028c $d
                     .debug_frame:00000010 $d

UNDEFINED SYMBOLS
Qprintf
SDA_SERIAL_OUTGOING_QUEUE
TFC_SetMotorPWM
LineScanImage0
LineScanImage1
__aeabi_i2f
__aeabi_fdiv
__aeabi_f2iz
sscanf
TFC_SetServo
BytesInQueue
ForcedByteDequeue
ByteEnqueue
memset
strcpy
strcmp
SDA_SERIAL_INCOMING_QUEUE
